yarn run v1.22.4
warning package.json: "dependencies" has dependency "cross-env" with range "^7.0.0" that collides with a dependency in "devDependencies" of the same name with version "^6.0.3"
$ yarn && export PORT=3000 && cross-env NODE_PATH=src react-scripts start
warning package.json: "dependencies" has dependency "cross-env" with range "^7.0.0" that collides with a dependency in "devDependencies" of the same name with version "^6.0.3"
warning package-lock.json found. Your project contains lock files generated by tools other than Yarn. It is advised not to mix package managers in order to avoid resolution inconsistencies caused by unsynchronized lock files. To clear this warning, remove package-lock.json.
warning frontend@0.1.0: "dependencies" has dependency "cross-env" with range "^7.0.0" that collides with a dependency in "devDependencies" of the same name with version "^6.0.3"
[1/4] Resolving packages...
success Already up-to-date.
Something is already running on port 3000.
Done in 7.29s.
yarn run v1.22.4
warning package.json: "dependencies" has dependency "cross-env" with range "^7.0.0" that collides with a dependency in "devDependencies" of the same name with version "^6.0.3"
$ yarn && export PORT=3000 && cross-env NODE_PATH=src react-scripts start
warning package.json: "dependencies" has dependency "cross-env" with range "^7.0.0" that collides with a dependency in "devDependencies" of the same name with version "^6.0.3"
warning package-lock.json found. Your project contains lock files generated by tools other than Yarn. It is advised not to mix package managers in order to avoid resolution inconsistencies caused by unsynchronized lock files. To clear this warning, remove package-lock.json.
warning frontend@0.1.0: "dependencies" has dependency "cross-env" with range "^7.0.0" that collides with a dependency in "devDependencies" of the same name with version "^6.0.3"
[1/4] Resolving packages...
success Already up-to-date.
Something is already running on port 3000.
Done in 4.39s.
yarn run v1.22.4
warning package.json: "dependencies" has dependency "cross-env" with range "^7.0.0" that collides with a dependency in "devDependencies" of the same name with version "^6.0.3"
$ yarn && export PORT=3000 && cross-env NODE_PATH=src react-scripts start
warning package.json: "dependencies" has dependency "cross-env" with range "^7.0.0" that collides with a dependency in "devDependencies" of the same name with version "^6.0.3"
warning package-lock.json found. Your project contains lock files generated by tools other than Yarn. It is advised not to mix package managers in order to avoid resolution inconsistencies caused by unsynchronized lock files. To clear this warning, remove package-lock.json.
warning frontend@0.1.0: "dependencies" has dependency "cross-env" with range "^7.0.0" that collides with a dependency in "devDependencies" of the same name with version "^6.0.3"
[1/4] Resolving packages...
success Already up-to-date.
Something is already running on port 3000.
Done in 4.42s.
yarn run v1.22.4
warning package.json: "dependencies" has dependency "cross-env" with range "^7.0.0" that collides with a dependency in "devDependencies" of the same name with version "^6.0.3"
$ yarn && export PORT=3000 && cross-env NODE_PATH=src react-scripts start
warning package.json: "dependencies" has dependency "cross-env" with range "^7.0.0" that collides with a dependency in "devDependencies" of the same name with version "^6.0.3"
warning package-lock.json found. Your project contains lock files generated by tools other than Yarn. It is advised not to mix package managers in order to avoid resolution inconsistencies caused by unsynchronized lock files. To clear this warning, remove package-lock.json.
warning frontend@0.1.0: "dependencies" has dependency "cross-env" with range "^7.0.0" that collides with a dependency in "devDependencies" of the same name with version "^6.0.3"
[1/4] Resolving packages...
success Already up-to-date.
Something is already running on port 3000.
Done in 4.54s.
